C51 COMPILER V9.01   LED                                                                   10/14/2018 23:10:55 PAGE 1   


C51 COMPILER V9.01, COMPILATION OF MODULE LED
OBJECT MODULE PLACED IN led.obj
COMPILER INVOKED BY: F:\Keil\C51\BIN\C51.EXE driver\src\led.c BROWSE INCDIR(.\driver\inc) DEBUG OBJECTEXTEND PRINT(.\led
                    -.lst) OBJECT(led.obj)

line level    source

   1          #include "led.h"
   2          
   3          void led_on(void)
   4          {
   5   1              LED = 0;
   6   1      }
   7          
   8          void led_off(void)
   9          {
  10   1              LED = 0xff;
  11   1      }


MODULE INFORMATION:   STATIC OVERLAYABLE
   CODE SIZE        =      8    ----
   CONSTANT SIZE    =   ----    ----
   XDATA SIZE       =   ----    ----
   PDATA SIZE       =   ----    ----
   DATA SIZE        =   ----    ----
   IDATA SIZE       =   ----    ----
   BIT SIZE         =   ----    ----
END OF MODULE INFORMATION.


C51 COMPILATION COMPLETE.  0 WARNING(S),  0 ERROR(S)
